<?xml version="1.0" encoding="UTF-8"?>
<testsuite xmlns:xsi="http://www.w3.org/2001/XMLSchema-instance" xsi:noNamespaceSchemaLocation="https://maven.apache.org/surefire/maven-surefire-plugin/xsd/surefire-test-report.xsd" name="com.hzp.test.TaskImplTest" time="0.881" tests="2" errors="0" skipped="0" failures="0">
  <properties>
    <property name="sun.desktop" value="windows"/>
    <property name="awt.toolkit" value="sun.awt.windows.WToolkit"/>
    <property name="file.encoding.pkg" value="sun.io"/>
    <property name="java.specification.version" value="1.8"/>
    <property name="sun.cpu.isalist" value="amd64"/>
    <property name="sun.jnu.encoding" value="GBK"/>
    <property name="java.class.path" value="F:\workspace\JAVA\wechat_timer\target\test-classes;F:\workspace\JAVA\wechat_timer\target\classes;D:\Maven\apache-maven-3.6.3\lib\repository\org\slf4j\slf4j-log4j12\1.7.21\slf4j-log4j12-1.7.21.jar;D:\Maven\apache-maven-3.6.3\lib\repository\org\slf4j\slf4j-api\1.7.21\slf4j-api-1.7.21.jar;D:\Maven\apache-maven-3.6.3\lib\repository\log4j\log4j\1.2.17\log4j-1.2.17.jar;D:\Maven\apache-maven-3.6.3\lib\repository\org\springframework\spring-jdbc\5.2.5.RELEASE\spring-jdbc-5.2.5.RELEASE.jar;D:\Maven\apache-maven-3.6.3\lib\repository\org\springframework\spring-core\5.2.5.RELEASE\spring-core-5.2.5.RELEASE.jar;D:\Maven\apache-maven-3.6.3\lib\repository\org\springframework\spring-jcl\5.2.5.RELEASE\spring-jcl-5.2.5.RELEASE.jar;D:\Maven\apache-maven-3.6.3\lib\repository\org\springframework\spring-tx\5.2.5.RELEASE\spring-tx-5.2.5.RELEASE.jar;D:\Maven\apache-maven-3.6.3\lib\repository\org\springframework\spring-beans\5.2.5.RELEASE\spring-beans-5.2.5.RELEASE.jar;D:\Maven\apache-maven-3.6.3\lib\repository\commons-dbcp\commons-dbcp\1.4\commons-dbcp-1.4.jar;D:\Maven\apache-maven-3.6.3\lib\repository\commons-pool\commons-pool\1.5.4\commons-pool-1.5.4.jar;D:\Maven\apache-maven-3.6.3\lib\repository\org\springframework\spring-web\5.2.5.RELEASE\spring-web-5.2.5.RELEASE.jar;D:\Maven\apache-maven-3.6.3\lib\repository\org\mybatis\mybatis-spring\2.0.4\mybatis-spring-2.0.4.jar;D:\Maven\apache-maven-3.6.3\lib\repository\mysql\mysql-connector-java\8.0.16\mysql-connector-java-8.0.16.jar;D:\Maven\apache-maven-3.6.3\lib\repository\com\google\protobuf\protobuf-java\3.6.1\protobuf-java-3.6.1.jar;D:\Maven\apache-maven-3.6.3\lib\repository\org\mybatis\mybatis\3.5.4\mybatis-3.5.4.jar;D:\Maven\apache-maven-3.6.3\lib\repository\junit\junit\4.11\junit-4.11.jar;D:\Maven\apache-maven-3.6.3\lib\repository\org\hamcrest\hamcrest-core\1.3\hamcrest-core-1.3.jar;D:\Maven\apache-maven-3.6.3\lib\repository\javax\servlet\javax.servlet-api\4.0.1\javax.servlet-api-4.0.1.jar;D:\Maven\apache-maven-3.6.3\lib\repository\javax\servlet\jsp\javax.servlet.jsp-api\2.3.3\javax.servlet.jsp-api-2.3.3.jar;D:\Maven\apache-maven-3.6.3\lib\repository\com\alibaba\fastjson\1.2.68\fastjson-1.2.68.jar;D:\Maven\apache-maven-3.6.3\lib\repository\org\projectlombok\lombok\1.18.12\lombok-1.18.12.jar;D:\Maven\apache-maven-3.6.3\lib\repository\org\springframework\spring-context\4.3.5.RELEASE\spring-context-4.3.5.RELEASE.jar;D:\Maven\apache-maven-3.6.3\lib\repository\org\springframework\spring-aop\4.3.5.RELEASE\spring-aop-4.3.5.RELEASE.jar;D:\Maven\apache-maven-3.6.3\lib\repository\org\springframework\spring-expression\4.3.5.RELEASE\spring-expression-4.3.5.RELEASE.jar;"/>
    <property name="java.vm.vendor" value="Oracle Corporation"/>
    <property name="sun.arch.data.model" value="64"/>
    <property name="user.variant" value=""/>
    <property name="java.vendor.url" value="http://java.oracle.com/"/>
    <property name="user.timezone" value="Asia/Shanghai"/>
    <property name="java.vm.specification.version" value="1.8"/>
    <property name="os.name" value="Windows 10"/>
    <property name="user.country" value="CN"/>
    <property name="sun.java.launcher" value="SUN_STANDARD"/>
    <property name="sun.boot.library.path" value="D:\JDK\jre\bin"/>
    <property name="sun.java.command" value="C:\Users\Administrator\AppData\Local\Temp\surefire3340398318649422510\surefirebooter9036370200817436150.jar C:\Users\Administrator\AppData\Local\Temp\surefire3340398318649422510 2020-05-04T16-58-38_296-jvmRun1 surefire8026248838646635211tmp surefire_07300969942115768856tmp"/>
    <property name="surefire.test.class.path" value="F:\workspace\JAVA\wechat_timer\target\test-classes;F:\workspace\JAVA\wechat_timer\target\classes;D:\Maven\apache-maven-3.6.3\lib\repository\org\slf4j\slf4j-log4j12\1.7.21\slf4j-log4j12-1.7.21.jar;D:\Maven\apache-maven-3.6.3\lib\repository\org\slf4j\slf4j-api\1.7.21\slf4j-api-1.7.21.jar;D:\Maven\apache-maven-3.6.3\lib\repository\log4j\log4j\1.2.17\log4j-1.2.17.jar;D:\Maven\apache-maven-3.6.3\lib\repository\org\springframework\spring-jdbc\5.2.5.RELEASE\spring-jdbc-5.2.5.RELEASE.jar;D:\Maven\apache-maven-3.6.3\lib\repository\org\springframework\spring-core\5.2.5.RELEASE\spring-core-5.2.5.RELEASE.jar;D:\Maven\apache-maven-3.6.3\lib\repository\org\springframework\spring-jcl\5.2.5.RELEASE\spring-jcl-5.2.5.RELEASE.jar;D:\Maven\apache-maven-3.6.3\lib\repository\org\springframework\spring-tx\5.2.5.RELEASE\spring-tx-5.2.5.RELEASE.jar;D:\Maven\apache-maven-3.6.3\lib\repository\org\springframework\spring-beans\5.2.5.RELEASE\spring-beans-5.2.5.RELEASE.jar;D:\Maven\apache-maven-3.6.3\lib\repository\commons-dbcp\commons-dbcp\1.4\commons-dbcp-1.4.jar;D:\Maven\apache-maven-3.6.3\lib\repository\commons-pool\commons-pool\1.5.4\commons-pool-1.5.4.jar;D:\Maven\apache-maven-3.6.3\lib\repository\org\springframework\spring-web\5.2.5.RELEASE\spring-web-5.2.5.RELEASE.jar;D:\Maven\apache-maven-3.6.3\lib\repository\org\mybatis\mybatis-spring\2.0.4\mybatis-spring-2.0.4.jar;D:\Maven\apache-maven-3.6.3\lib\repository\mysql\mysql-connector-java\8.0.16\mysql-connector-java-8.0.16.jar;D:\Maven\apache-maven-3.6.3\lib\repository\com\google\protobuf\protobuf-java\3.6.1\protobuf-java-3.6.1.jar;D:\Maven\apache-maven-3.6.3\lib\repository\org\mybatis\mybatis\3.5.4\mybatis-3.5.4.jar;D:\Maven\apache-maven-3.6.3\lib\repository\junit\junit\4.11\junit-4.11.jar;D:\Maven\apache-maven-3.6.3\lib\repository\org\hamcrest\hamcrest-core\1.3\hamcrest-core-1.3.jar;D:\Maven\apache-maven-3.6.3\lib\repository\javax\servlet\javax.servlet-api\4.0.1\javax.servlet-api-4.0.1.jar;D:\Maven\apache-maven-3.6.3\lib\repository\javax\servlet\jsp\javax.servlet.jsp-api\2.3.3\javax.servlet.jsp-api-2.3.3.jar;D:\Maven\apache-maven-3.6.3\lib\repository\com\alibaba\fastjson\1.2.68\fastjson-1.2.68.jar;D:\Maven\apache-maven-3.6.3\lib\repository\org\projectlombok\lombok\1.18.12\lombok-1.18.12.jar;D:\Maven\apache-maven-3.6.3\lib\repository\org\springframework\spring-context\4.3.5.RELEASE\spring-context-4.3.5.RELEASE.jar;D:\Maven\apache-maven-3.6.3\lib\repository\org\springframework\spring-aop\4.3.5.RELEASE\spring-aop-4.3.5.RELEASE.jar;D:\Maven\apache-maven-3.6.3\lib\repository\org\springframework\spring-expression\4.3.5.RELEASE\spring-expression-4.3.5.RELEASE.jar;"/>
    <property name="sun.cpu.endian" value="little"/>
    <property name="user.home" value="C:\Users\Administrator"/>
    <property name="user.language" value="zh"/>
    <property name="java.specification.vendor" value="Oracle Corporation"/>
    <property name="java.home" value="D:\JDK\jre"/>
    <property name="basedir" value="F:\workspace\JAVA\wechat_timer"/>
    <property name="file.separator" value="\"/>
    <property name="line.separator" value="&#10;"/>
    <property name="java.vm.specification.vendor" value="Oracle Corporation"/>
    <property name="java.specification.name" value="Java Platform API Specification"/>
    <property name="java.awt.graphicsenv" value="sun.awt.Win32GraphicsEnvironment"/>
    <property name="surefire.real.class.path" value="C:\Users\Administrator\AppData\Local\Temp\surefire3340398318649422510\surefirebooter9036370200817436150.jar"/>
    <property name="sun.boot.class.path" value="D:\JDK\jre\lib\resources.jar;D:\JDK\jre\lib\rt.jar;D:\JDK\jre\lib\sunrsasign.jar;D:\JDK\jre\lib\jsse.jar;D:\JDK\jre\lib\jce.jar;D:\JDK\jre\lib\charsets.jar;D:\JDK\jre\lib\jfr.jar;D:\JDK\jre\classes"/>
    <property name="user.script" value=""/>
    <property name="sun.management.compiler" value="HotSpot 64-Bit Tiered Compilers"/>
    <property name="java.runtime.version" value="1.8.0_181-b13"/>
    <property name="user.name" value="Administrator"/>
    <property name="path.separator" value=";"/>
    <property name="os.version" value="10.0"/>
    <property name="java.endorsed.dirs" value="D:\JDK\jre\lib\endorsed"/>
    <property name="java.runtime.name" value="Java(TM) SE Runtime Environment"/>
    <property name="file.encoding" value="GBK"/>
    <property name="java.vm.name" value="Java HotSpot(TM) 64-Bit Server VM"/>
    <property name="idea.version2020.1" value="true"/>
    <property name="localRepository" value="D:\Maven\apache-maven-3.6.3\lib\repository"/>
    <property name="java.vendor.url.bug" value="http://bugreport.sun.com/bugreport/"/>
    <property name="java.io.tmpdir" value="C:\Users\Administrator\AppData\Local\Temp\"/>
    <property name="java.version" value="1.8.0_181"/>
    <property name="user.dir" value="F:\workspace\JAVA\wechat_timer"/>
    <property name="os.arch" value="amd64"/>
    <property name="java.vm.specification.name" value="Java Virtual Machine Specification"/>
    <property name="java.awt.printerjob" value="sun.awt.windows.WPrinterJob"/>
    <property name="sun.os.patch.level" value=""/>
    <property name="java.library.path" value="D:\JDK\jre\bin;C:\Windows\Sun\Java\bin;C:\Windows\system32;C:\Windows;D:\Xshell\;D:\Python\Scripts\;D:\Python\;C:\Program Files (x86)\Common Files\Oracle\Java\javapath;C:\Program Files (x86)\Intel\iCLS Client\;C:\Program Files\Intel\iCLS Client\;C:\Windows\system32;C:\Windows;C:\Windows\System32\Wbem;C:\Windows\System32\WindowsPowerShell\v1.0\;C:\Windows\System32\OpenSSH\;C:\Program Files (x86)\Intel\Intel(R) Management Engine Components\DAL;C:\Program Files\Intel\Intel(R) Management Engine Components\DAL;C:\Program Files (x86)\Intel\Intel(R) Management Engine Components\IPT;C:\Program Files\Intel\Intel(R) Management Engine Components\IPT;C:\Program Files (x86)\NVIDIA Corporation\PhysX\Common;D:\JDK\bin;D:\JRE\bin;D:\Android SDK\android-sdk-windows\platform-tools;D:\Android SDK\android-sdk-windows\tools;D:\Android SDK\android-sdk-windows\build-tools\29.0.3;D:\Nodejs\;D:\Nodejs\node_global;C:\Program Files\NVIDIA Corporation\NVIDIA NvDLISR;D:\PUTTY\;D:\Git\cmd;D:\Maven\apache-maven-3.6.3\bin;C:\Users\Administrator\AppData\Local\Microsoft\WindowsApps;;D:\VScode\Microsoft VS Code\bin;C:\Users\Administrator\AppData\Roaming\npm;D:\PyCharm 2019.3.3\bin;;D:\IDEA\IntelliJ IDEA 2019.3.4\bin;;."/>
    <property name="java.vm.info" value="mixed mode"/>
    <property name="java.vendor" value="Oracle Corporation"/>
    <property name="java.vm.version" value="25.181-b13"/>
    <property name="java.ext.dirs" value="D:\JDK\jre\lib\ext;C:\Windows\Sun\Java\lib\ext"/>
    <property name="sun.io.unicode.encoding" value="UnicodeLittle"/>
    <property name="maven.repo.local" value="D:\Maven\apache-maven-3.6.3\lib\repository"/>
    <property name="java.class.version" value="52.0"/>
  </properties>
  <testcase name="getTask" classname="com.hzp.test.TaskImplTest" time="0.788"/>
  <testcase name="setTask" classname="com.hzp.test.TaskImplTest" time="0.07"/>
</testsuite>